c:\coding\chess c++\chess c++\x64\release\vc143.pdb
c:\coding\chess c++\chess c++\x64\release\pieces.obj
c:\coding\chess c++\chess c++\x64\release\perft.obj
c:\coding\chess c++\chess c++\x64\release\move.obj
c:\coding\chess c++\chess c++\x64\release\magics.obj
c:\coding\chess c++\chess c++\x64\release\generator.obj
c:\coding\chess c++\chess c++\x64\release\game.obj
c:\coding\chess c++\chess c++\x64\release\display.obj
c:\coding\chess c++\chess c++\x64\release\bitboard.obj
c:\coding\chess c++\x64\release\chess.cpp.exe
c:\coding\chess c++\chess c++\x64\release\chess.cpp.ipdb
c:\coding\chess c++\x64\release\chess.cpp.pdb
c:\coding\chess c++\chess c++\x64\release\chess.cpp.iobj
c:\coding\chess c++\chess c++\x64\release\vc142.pdb
c:\coding\chess c++\chess c++\x64\release\chess.cpp.tlog\cl.command.1.tlog
c:\coding\chess c++\chess c++\x64\release\chess.cpp.tlog\cl.read.1.tlog
c:\coding\chess c++\chess c++\x64\release\chess.cpp.tlog\cl.write.1.tlog
c:\coding\chess c++\chess c++\x64\release\chess.cpp.tlog\link.command.1.tlog
c:\coding\chess c++\chess c++\x64\release\chess.cpp.tlog\link.read.1.tlog
c:\coding\chess c++\chess c++\x64\release\chess.cpp.tlog\link.write.1.tlog
